{"total": {"lines":{"total":43,"covered":34,"skipped":0,"pct":79.06},"statements":{"total":44,"covered":35,"skipped":0,"pct":79.54},"functions":{"total":10,"covered":7,"skipped":0,"pct":70},"branches":{"total":6,"covered":2,"skipped":0,"pct":33.33},"branchesTrue":{"total":0,"covered":0,"skipped":0,"pct":"Unknown"}}
,"/Users/saymapatwekar/Documents/KubeKode/Jenkins/Solar-System/app.js": {"lines":{"total":43,"covered":34,"skipped":0,"pct":79.06},"functions":{"total":10,"covered":7,"skipped":0,"pct":70},"statements":{"total":44,"covered":35,"skipped":0,"pct":79.54},"branches":{"total":6,"covered":2,"skipped":0,"pct":33.33}}
}
