TN:
SF:app.js
FN:21,(anonymous_0)
FN:51,(anonymous_1)
FN:55,(anonymous_2)
FN:65,(anonymous_3)
FN:69,(anonymous_4)
FN:70,(anonymous_5)
FN:80,(anonymous_6)
FN:88,(anonymous_7)
FN:95,(anonymous_8)
FN:102,(anonymous_9)
FNF:10
FNH:7
FNDA:1,(anonymous_0)
FNDA:8,(anonymous_1)
FNDA:8,(anonymous_2)
FNDA:0,(anonymous_3)
FNDA:0,(anonymous_4)
FNDA:0,(anonymous_5)
FNDA:1,(anonymous_6)
FNDA:1,(anonymous_7)
FNDA:1,(anonymous_8)
FNDA:1,(anonymous_9)
DA:1,1
DA:2,1
DA:3,1
DA:4,1
DA:5,1
DA:6,1
DA:7,1
DA:8,1
DA:9,1
DA:12,1
DA:13,1
DA:14,1
DA:16,1
DA:22,1
DA:23,0
DA:37,1
DA:39,1
DA:47,1
DA:51,1
DA:53,8
DA:56,8
DA:57,0
DA:58,0
DA:60,8
DA:65,1
DA:66,0
DA:69,1
DA:70,0
DA:71,0
DA:72,0
DA:73,0
DA:75,0
DA:80,1
DA:81,1
DA:82,1
DA:88,1
DA:89,1
DA:90,1
DA:95,1
DA:96,1
DA:97,1
DA:102,1
DA:103,1
LF:43
LH:34
BRDA:22,0,0,0
BRDA:22,0,1,1
BRDA:56,1,0,0
BRDA:56,1,1,8
BRDA:71,2,0,0
BRDA:71,2,1,0
BRF:6
BRH:2
end_of_record
